# JRE version: Java(TM) SE Runtime Environment (8.0_261-b12) (build 1.8.0_261-b12)
# Java VM: Java HotSpot(TM) 64-Bit Server VM (25.261-b12 mixed mode windows-amd64 compressed oops)
Heap:
 PSYoungGen      total 73728K, used 21966K [0x00000000d5580000, 0x00000000da780000, 0x0000000100000000)
  eden space 63488K, 23% used [0x00000000d5580000,0x00000000d63f9fe8,0x00000000d9380000)
  from space 10240K, 69% used [0x00000000d9d80000,0x00000000da479880,0x00000000da780000)
  to   space 10240K, 0% used [0x00000000d9380000,0x00000000d9380000,0x00000000d9d80000)
 ParOldGen       total 85504K, used 12998K [0x0000000080000000, 0x0000000085380000, 0x00000000d5580000)
  object space 85504K, 15% used [0x0000000080000000,0x0000000080cb1b80,0x0000000085380000)
 Metaspace       used 32519K, capacity 33328K, committed 33536K, reserved 1079296K
  class space    used 4530K, capacity 4741K, committed 4864K, reserved 1048576K
GC Heap History (10 events):
Event: 2.804 GC heap before
{Heap before GC invocations=4 (full 1):
 PSYoungGen      total 73728K, used 5813K [0x00000000d5580000, 0x00000000da780000, 0x0000000100000000)
  eden space 63488K, 0% used [0x00000000d5580000,0x00000000d5580000,0x00000000d9380000)
  from space 10240K, 56% used [0x00000000d9380000,0x00000000d992d418,0x00000000d9d80000)
  to   space 10240K, 0% used [0x00000000d9d80000,0x00000000d9d80000,0x00000000da780000)
 ParOldGen       total 167936K, used 32K [0x0000000080000000, 0x000000008a400000, 0x00000000d5580000)
  object space 167936K, 0% used [0x0000000080000000,0x0000000080008000,0x000000008a400000)
 Metaspace       used 15210K, capacity 15702K, committed 15872K, reserved 1067008K
  class space    used 2052K, capacity 2221K, committed 2304K, reserved 1048576K
Event: 2.822 GC heap after
Heap after GC invocations=4 (full 1):
 PSYoungGen      total 73728K, used 0K [0x00000000d5580000, 0x00000000da780000, 0x0000000100000000)
  eden space 63488K, 0% used [0x00000000d5580000,0x00000000d5580000,0x00000000d9380000)
  from space 10240K, 0% used [0x00000000d9380000,0x00000000d9380000,0x00000000d9d80000)
  to   space 10240K, 0% used [0x00000000d9d80000,0x00000000d9d80000,0x00000000da780000)
 ParOldGen       total 85504K, used 5479K [0x0000000080000000, 0x0000000085380000, 0x00000000d5580000)
  object space 85504K, 6% used [0x0000000080000000,0x0000000080559ee8,0x0000000085380000)
 Metaspace       used 15210K, capacity 15702K, committed 15872K, reserved 1064960K
  class space    used 2052K, capacity 2221K, committed 2304K, reserved 1048576K
}
Event: 3.406 GC heap before
{Heap before GC invocations=5 (full 1):
 PSYoungGen      total 73728K, used 63488K [0x00000000d5580000, 0x00000000da780000, 0x0000000100000000)
  eden space 63488K, 100% used [0x00000000d5580000,0x00000000d9380000,0x00000000d9380000)
  from space 10240K, 0% used [0x00000000d9380000,0x00000000d9380000,0x00000000d9d80000)
  to   space 10240K, 0% used [0x00000000d9d80000,0x00000000d9d80000,0x00000000da780000)
 ParOldGen       total 85504K, used 5479K [0x0000000080000000, 0x0000000085380000, 0x00000000d5580000)
  object space 85504K, 6% used [0x0000000080000000,0x0000000080559ee8,0x0000000085380000)
 Metaspace       used 20365K, capacity 21008K, committed 21376K, reserved 1069056K
  class space    used 2913K, capacity 3118K, committed 3200K, reserved 1048576K
Event: 3.410 GC heap after
Heap after GC invocations=5 (full 1):
 PSYoungGen      total 73728K, used 7275K [0x00000000d5580000, 0x00000000da780000, 0x0000000100000000)
  eden space 63488K, 0% used [0x00000000d5580000,0x00000000d5580000,0x00000000d9380000)
  from space 10240K, 71% used [0x00000000d9d80000,0x00000000da49ac00,0x00000000da780000)
  to   space 10240K, 0% used [0x00000000d9380000,0x00000000d9380000,0x00000000d9d80000)
 ParOldGen       total 85504K, used 5487K [0x0000000080000000, 0x0000000085380000, 0x00000000d5580000)
  object space 85504K, 6% used [0x0000000080000000,0x000000008055bee8,0x0000000085380000)
 Metaspace       used 20365K, capacity 21008K, committed 21376K, reserved 1069056K
  class space    used 2913K, capacity 3118K, committed 3200K, reserved 1048576K
}
Event: 3.884 GC heap before
{Heap before GC invocations=6 (full 1):
 PSYoungGen      total 73728K, used 64038K [0x00000000d5580000, 0x00000000da780000, 0x0000000100000000)
  eden space 63488K, 89% used [0x00000000d5580000,0x00000000d8ceee10,0x00000000d9380000)
  from space 10240K, 71% used [0x00000000d9d80000,0x00000000da49ac00,0x00000000da780000)
  to   space 10240K, 0% used [0x00000000d9380000,0x00000000d9380000,0x00000000d9d80000)
 ParOldGen       total 85504K, used 5487K [0x0000000080000000, 0x0000000085380000, 0x00000000d5580000)
  object space 85504K, 6% used [0x0000000080000000,0x000000008055bee8,0x0000000085380000)
 Metaspace       used 25592K, capacity 26310K, committed 26456K, reserved 1073152K
  class space    used 3641K, capacity 3837K, committed 3840K, reserved 1048576K
Event: 3.889 GC heap after
Heap after GC invocations=6 (full 1):
 PSYoungGen      total 73728K, used 8629K [0x00000000d5580000, 0x00000000da780000, 0x0000000100000000)
  eden space 63488K, 0% used [0x00000000d5580000,0x00000000d5580000,0x00000000d9380000)
  from space 10240K, 84% used [0x00000000d9380000,0x00000000d9bed738,0x00000000d9d80000)
  to   space 10240K, 0% used [0x00000000d9d80000,0x00000000d9d80000,0x00000000da780000)
 ParOldGen       total 85504K, used 5495K [0x0000000080000000, 0x0000000085380000, 0x00000000d5580000)
  object space 85504K, 6% used [0x0000000080000000,0x000000008055dee8,0x0000000085380000)
 Metaspace       used 25592K, capacity 26310K, committed 26456K, reserved 1073152K
  class space    used 3641K, capacity 3837K, committed 3840K, reserved 1048576K
}
Event: 3.889 GC heap before
{Heap before GC invocations=7 (full 2):
 PSYoungGen      total 73728K, used 8629K [0x00000000d5580000, 0x00000000da780000, 0x0000000100000000)
  eden space 63488K, 0% used [0x00000000d5580000,0x00000000d5580000,0x00000000d9380000)
  from space 10240K, 84% used [0x00000000d9380000,0x00000000d9bed738,0x00000000d9d80000)
  to   space 10240K, 0% used [0x00000000d9d80000,0x00000000d9d80000,0x00000000da780000)
 ParOldGen       total 85504K, used 5495K [0x0000000080000000, 0x0000000085380000, 0x00000000d5580000)
  object space 85504K, 6% used [0x0000000080000000,0x000000008055dee8,0x0000000085380000)
 Metaspace       used 25592K, capacity 26310K, committed 26456K, reserved 1073152K
  class space    used 3641K, capacity 3837K, committed 3840K, reserved 1048576K
Event: 3.934 GC heap after
Heap after GC invocations=7 (full 2):
 PSYoungGen      total 73728K, used 0K [0x00000000d5580000, 0x00000000da780000, 0x0000000100000000)
  eden space 63488K, 0% used [0x00000000d5580000,0x00000000d5580000,0x00000000d9380000)
  from space 10240K, 0% used [0x00000000d9380000,0x00000000d9380000,0x00000000d9d80000)
  to   space 10240K, 0% used [0x00000000d9d80000,0x00000000d9d80000,0x00000000da780000)
 ParOldGen       total 85504K, used 12990K [0x0000000080000000, 0x0000000085380000, 0x00000000d5580000)
  object space 85504K, 15% used [0x0000000080000000,0x0000000080cafb80,0x0000000085380000)
 Metaspace       used 25592K, capacity 26310K, committed 26456K, reserved 1073152K
  class space    used 3641K, capacity 3837K, committed 3840K, reserved 1048576K
}
Event: 4.516 GC heap before
{Heap before GC invocations=8 (full 2):
 PSYoungGen      total 73728K, used 63488K [0x00000000d5580000, 0x00000000da780000, 0x0000000100000000)
  eden space 63488K, 100% used [0x00000000d5580000,0x00000000d9380000,0x00000000d9380000)
  from space 10240K, 0% used [0x00000000d9380000,0x00000000d9380000,0x00000000d9d80000)
  to   space 10240K, 0% used [0x00000000d9d80000,0x00000000d9d80000,0x00000000da780000)
 ParOldGen       total 85504K, used 12990K [0x0000000080000000, 0x0000000085380000, 0x00000000d5580000)
  object space 85504K, 15% used [0x0000000080000000,0x0000000080cafb80,0x0000000085380000)
 Metaspace       used 31974K, capacity 32764K, committed 32896K, reserved 1079296K
  class space    used 4437K, capacity 4642K, committed 4736K, reserved 1048576K
Event: 4.521 GC heap after
Heap after GC invocations=8 (full 2):
 PSYoungGen      total 73728K, used 7142K [0x00000000d5580000, 0x00000000da780000, 0x0000000100000000)
  eden space 63488K, 0% used [0x00000000d5580000,0x00000000d5580000,0x00000000d9380000)
  from space 10240K, 69% used [0x00000000d9d80000,0x00000000da479880,0x00000000da780000)
  to   space 10240K, 0% used [0x00000000d9380000,0x00000000d9380000,0x00000000d9d80000)
 ParOldGen       total 85504K, used 12998K [0x0000000080000000, 0x0000000085380000, 0x00000000d5580000)
  object space 85504K, 15% used [0x0000000080000000,0x0000000080cb1b80,0x0000000085380000)
 Metaspace       used 31974K, capacity 32764K, committed 32896K, reserved 1079296K
  class space    used 4437K, capacity 4642K, committed 4736K, reserved 1048576K
}

